INFO:     Started server process [76515]
INFO:     Waiting for application startup.
INFO:     Application startup complete.
INFO:     Uvicorn running on http://127.0.0.1:8001 (Press CTRL+C to quit)
INFO:     --- Starting character creation for: Jules ---
INFO:     Calling Rules Engine: GET http://127.0.0.1:8000/v1/lookup/creation/kingdom_features
INFO:     Rules Engine response status: 200
INFO:     Calling Rules Engine: GET http://127.0.0.1:8000/v1/lookup/creation/ability_talents
INFO:     Rules Engine response status: 200
INFO:     Calling Rules Engine: GET http://127.0.0.1:8000/v1/lookup/all_ability_schools
INFO:     Rules Engine response status: 200
INFO:     Calling Rules Engine: GET http://127.0.0.1:8000/v1/lookup/all_stats
INFO:     Rules Engine response status: 200
INFO:     Calling Rules Engine: GET http://127.0.0.1:8000/v1/lookup/all_skills
INFO:     Rules Engine response status: 200
INFO:     Calling Rules Engine: GET http://127.0.0.1:8000/v1/lookup/creation/origin_choices
INFO:     Rules Engine response status: 200
INFO:     Calling Rules Engine: GET http://127.0.0.1:8000/v1/lookup/creation/childhood_choices
INFO:     Rules Engine response status: 200
INFO:     Calling Rules Engine: GET http://127.0.0.1:8000/v1/lookup/creation/coming_of_age_choices
INFO:     Rules Engine response status: 200
INFO:     Calling Rules Engine: GET http://127.0.0.1:8000/v1/lookup/creation/training_choices
INFO:     Rules Engine response status: 200
INFO:     Calling Rules Engine: GET http://127.0.0.1:8000/v1/lookup/creation/devotion_choices
INFO:     Rules Engine response status: 200
INFO:     Calling Rules Engine: POST http://127.0.0.1:8000/v1/lookup/talents
INFO:     Rules Engine response status: 200
INFO:     Calling Rules Engine: GET http://127.0.0.1:8000/v1/lookup/ability_school/Force
INFO:     Rules Engine response status: 200
INFO:     Calling Rules Engine: GET http://127.0.0.1:8000/v1/lookup/ability_school/Bastion
INFO:     Rules Engine response status: 200
INFO:     Calling Rules Engine: GET http://127.0.0.1:8000/v1/lookup/ability_school/Ki
INFO:     Rules Engine response status: 200
INFO:     Calling Rules Engine: GET http://127.0.0.1:8000/v1/lookup/ability_school/Biomancy
INFO:     Rules Engine response status: 200
INFO:     Calling Rules Engine: GET http://127.0.0.1:8000/v1/lookup/ability_school/Grace
INFO:     Rules Engine response status: 200
INFO:     Calling Rules Engine: GET http://127.0.0.1:8000/v1/lookup/ability_school/Cunning
INFO:     Rules Engine response status: 200
INFO:     Calling Rules Engine: GET http://127.0.0.1:8000/v1/lookup/ability_school/Cosmos
INFO:     Rules Engine response status: 200
INFO:     Calling Rules Engine: GET http://127.0.0.1:8000/v1/lookup/ability_school/Evocation
INFO:     Rules Engine response status: 200
INFO:     Calling Rules Engine: GET http://127.0.0.1:8000/v1/lookup/ability_school/Spirit
INFO:     Rules Engine response status: 200
INFO:     Calling Rules Engine: GET http://127.0.0.1:8000/v1/lookup/ability_school/Psionics
INFO:     Rules Engine response status: 200
INFO:     Calling Rules Engine: GET http://127.0.0.1:8000/v1/lookup/ability_school/Command
INFO:     Rules Engine response status: 200
INFO:     Calling Rules Engine: GET http://127.0.0.1:8000/v1/lookup/ability_school/Chaos
INFO:     Rules Engine response status: 200
INFO:     Calling Rules Engine: POST http://127.0.0.1:8000/v1/calculate/base_vitals
INFO:     Rules Engine response status: 200
INFO:     Adding character to DB session...
INFO:     Committing transaction...
INFO:     Transaction committed.
INFO:     Successfully refreshed character from DB: 66eca4bc-1ebd-4dcc-ab94-fec92dea17ff
INFO:     --- Character creation successful ---
Character Engine configured to use Rules Engine at: http://127.0.0.1:8000/v1
Fetching all creation data from Rules Engine...
Fetching kingdom_features from /lookup/creation/kingdom_features...
Fetching ability_talents_list from /lookup/creation/ability_talents...
Fetching ability_schools from /lookup/all_ability_schools...
Fetching stats_list from /lookup/all_stats...
Fetching all_skills from /lookup/all_skills...
Fetching origin_choices from /lookup/creation/origin_choices...
Fetching childhood_choices from /lookup/creation/childhood_choices...
Fetching coming_of_age_choices from /lookup/creation/coming_of_age_choices...
Fetching training_choices from /lookup/creation/training_choices...
Fetching devotion_choices from /lookup/creation/devotion_choices...
Loaded 0 talents into map.
Successfully fetched all creation data.
Initialized stats (all 8s) and skills (all 0s).
Applying feature mods...
Applying mods for: The Predator (Jaws/Horns)
Applied +2 to Might. New value: 10
Applied +2 to Endurance. New value: 10
Applied +2 to Fortitude. New value: 10
Applied +1 to Awareness. New value: 9
Applied +1 to Intuition. New value: 9
Applied +1 to Charm. New value: 9
Applied +1 to Willpower. New value: 9
Applied -1 to Finesse. New value: 7
Warning: Stat 'Reflexes' in mods not found in base stats.
Applied -1 to Vitality. New value: 7
Applying mods for: The Juggernaut (Pure Armor)
Applied +2 to Endurance. New value: 12
Applied +2 to Vitality. New value: 9
Applied +2 to Fortitude. New value: 12
Applied +1 to Might. New value: 11
Applied +1 to Logic. New value: 9
Applied +1 to Awareness. New value: 10
Applied +1 to Willpower. New value: 10
Applied -1 to Finesse. New value: 6
Warning: Stat 'Reflexes' in mods not found in base stats.
Applied -1 to Charm. New value: 8
Applying mods for: The Brute (Raw Power)
Applied +2 to Might. New value: 13
Applied +2 to Endurance. New value: 14
Applied +2 to Vitality. New value: 11
Applied +1 to Fortitude. New value: 13
Applied +1 to Logic. New value: 10
Applied +1 to Awareness. New value: 11
Applied +1 to Willpower. New value: 11
Applied -1 to Finesse. New value: 5
Warning: Stat 'Reflexes' in mods not found in base stats.
Applied -1 to Knowledge. New value: 7
Applying mods for: The Artisan (Delicate)
Applied +2 to Finesse. New value: 7
Applied +2 to Knowledge. New value: 9
Applied +2 to Logic. New value: 12
Warning: Stat 'Reflexes' in mods not found in base stats.
Applied +1 to Awareness. New value: 12
Applied +1 to Intuition. New value: 10
Applied +1 to Charm. New value: 9
Applied -1 to Might. New value: 12
Applied -1 to Endurance. New value: 13
Applied -1 to Vitality. New value: 10
Applying mods for: The Acrobat (Speed/Evasion)
Warning: Stat 'Reflexes' in mods not found in base stats.
Applied +2 to Finesse. New value: 9
Applied +2 to Endurance. New value: 15
Applied +1 to Vitality. New value: 11
Applied +1 to Awareness. New value: 13
Applied +1 to Intuition. New value: 11
Applied +1 to Charm. New value: 10
Applied -1 to Might. New value: 11
Applied -1 to Knowledge. New value: 8
Applied -1 to Logic. New value: 11
Applying mods for: The Toxin Filter (Resilience)
Applied +2 to Vitality. New value: 13
Applied +2 to Fortitude. New value: 15
Applied +2 to Endurance. New value: 17
Applied +1 to Knowledge. New value: 9
Applied +1 to Logic. New value: 12
Applied +1 to Awareness. New value: 14
Applied +1 to Willpower. New value: 12
Applied -1 to Might. New value: 10
Applied -1 to Finesse. New value: 8
Warning: Stat 'Reflexes' in mods not found in base stats.
Applying mods for: The Tracker (Keen Senses)
Applied +2 to Awareness. New value: 16
Applied +2 to Intuition. New value: 13
Applied +2 to Knowledge. New value: 11
Applied +1 to Finesse. New value: 9
Warning: Stat 'Reflexes' in mods not found in base stats.
Applied +1 to Logic. New value: 13
Applied +1 to Willpower. New value: 13
Applied -1 to Might. New value: 9
Applied -1 to Endurance. New value: 16
Applied -1 to Charm. New value: 9
Applying mods for: The Logician (Pure Intellect)
Applied +2 to Knowledge. New value: 13
Applied +2 to Logic. New value: 15
Applied +2 to Awareness. New value: 18
Applied +1 to Fortitude. New value: 16
Applied +1 to Intuition. New value: 14
Applied +1 to Charm. New value: 10
Applied +1 to Willpower. New value: 14
Applied -1 to Might. New value: 8
Applied -1 to Endurance. New value: 15
Applied -1 to Vitality. New value: 12
Applying mods for: Capstone: +3 Might
Applying background skills...
Granted Rank 1 in skill: Survival
Granted Rank 1 in skill: Lore: Agricul. & Wilds
Granted Rank 1 in skill: Slight of Hand
Granted Rank 1 in skill: Intimidation
Granted Rank 1 in skill: Precision Blades
Granted Rank 1 in skill: Resilience
Granted Rank 1 in skill: Polearms & Shields
Granted Rank 1 in skill: Plate Armor
Granted Rank 1 in skill: Lore: Royalty/Political
Granted Rank 1 in skill: Reinforced
Applying Ability Talent mods for: Unfailing Stamina
Final calculated stats: {'Might': 8, 'Endurance': 15, 'Finesse': 9, 'Agility': 8, 'Vitality': 12, 'Fortitude': 16, 'Knowledge': 13, 'Logic': 15, 'Awareness': 18, 'Intuition': 14, 'Charm': 10, 'Willpower': 14}
Calculating vitals...
Vitals calculated: MaxHP=19
Creating database entry...
INFO:     127.0.0.1:34420 - "POST /v1/characters/ HTTP/1.1" 201 Created
