INFO:     Started server process [10707]
INFO:     Waiting for application startup.
INFO:     Application startup complete.
ERROR:    [Errno 98] error while attempting to bind on address ('127.0.0.1', 8000): [errno 98] address already in use
INFO:     Waiting for application shutdown.
INFO:     Application shutdown complete.
INFO: Loading rules data...
Starting data loading process...
Attempting to load: /app/AI-TTRPG/rules_engine/data/stats_and_skills.json
Successfully loaded stats_and_skills.json
Processed 72 skills into master map.
Attempting to load: /app/AI-TTRPG/rules_engine/data/abilities.json
Successfully loaded abilities.json
Attempting to load: /app/AI-TTRPG/rules_engine/data/talents.json
Successfully loaded talents.json
Attempting to load: /app/AI-TTRPG/rules_engine/data/kingdom_features.json
Successfully loaded kingdom_features.json
Processed 60 kingdom features into flat map (Vitality corrected).
Attempting to load: /app/AI-TTRPG/rules_engine/data/kingdom_features.json
Successfully loaded kingdom_features.json
Correcting stat names in full kingdom_features.json structure...
Full kingdom_features.json structure corrected.
Attempting to load: /app/AI-TTRPG/rules_engine/data/melee_weapons.json
Successfully loaded melee_weapons.json
Attempting to load: /app/AI-TTRPG/rules_engine/data/ranged_weapons.json
Successfully loaded ranged_weapons.json
Attempting to load: /app/AI-TTRPG/rules_engine/data/armor.json
Successfully loaded armor.json
Attempting to load: /app/AI-TTRPG/rules_engine/data/skill_mappings.json
Successfully loaded skill_mappings.json
Attempting to load: /app/AI-TTRPG/rules_engine/data/injury_effects.json
Successfully loaded injury_effects.json
Loaded 8 status effect definitions from status_effects.json.
Attempting to load: /app/AI-TTRPG/rules_engine/data/origin_choices.json
Successfully loaded origin_choices.json
Attempting to load: /app/AI-TTRPG/rules_engine/data/childhood_choices.json
Successfully loaded childhood_choices.json
Attempting to load: /app/AI-TTRPG/rules_engine/data/coming_of_age_choices.json
Successfully loaded coming_of_age_choices.json
Attempting to load: /app/AI-TTRPG/rules_engine/data/training_choices.json
Successfully loaded training_choices.json
Attempting to load: /app/AI-TTRPG/rules_engine/data/devotion_choices.json
Successfully loaded devotion_choices.json
Attempting to load: /app/AI-TTRPG/rules_engine/data/npc_templates.json
Successfully loaded npc_templates.json
Attempting to load: /app/AI-TTRPG/rules_engine/data/item_templates.json
Successfully loaded item_templates.json
DEBUG: STATS_LIST len: 12
DEBUG: ALL_SKILLS len: 72
DEBUG: ABILITY_DATA len: 12
DEBUG: TALENT_DATA len: 3
DEBUG: FEATURE_STATS_MAP len: 60
DEBUG: KINGDOM_FEATURES_DATA keys: 9
Loaded 12 melee weapon categories.
Loaded 12 ranged weapon categories.
Loaded 12 armor categories.
Loaded 37 skill mappings.
Loaded 4 major injury locations.
Loaded 8 status effect definitions.
Loaded 3 origin choices.
Loaded 3 childhood choices.
Loaded 3 coming of age choices.
Loaded 3 training choices.
Loaded 3 devotion choices.
Loaded 4 NPC templates.
Loaded 7 item templates.
--- Rules Engine Data Parsed Successfully ---
INFO: Rules data loaded successfully and stored in app.state.
INFO: Shutting down Rules Engine.
